<?xml version="1.0" encoding="UTF-8"?>
<testng-results ignored="0" total="1" passed="1" failed="0" skipped="0">
  <reporter-output>
  </reporter-output>
  <suite started-at="2023-11-09T10:36:58 CET" name="OpencartSuite" finished-at="2023-11-09T10:37:02 CET" duration-ms="4190">
    <groups>
    </groups>
    <test started-at="2023-11-09T10:36:58 CET" name="OpencartTest" finished-at="2023-11-09T10:37:02 CET" duration-ms="4190">
      <class name="testCases.TC_005_AddingProductTest">
        <test-method is-config="true" signature="setup(java.lang.String)[pri:0, instance:testCases.TC_005_AddingProductTest@384ad17b]" started-at="2023-11-09T10:36:58 CET" name="setup" finished-at="2023-11-09T10:37:01 CET" duration-ms="2473" status="PASS">
          <params>
            <param index="0">
              <value>
                <![CDATA[chrome]]>
              </value>
            </param>
          </params>
          <reporter-output>
          </reporter-output>
        </test-method> <!-- setup -->
        <test-method signature="test_addingProductToCart()[pri:0, instance:testCases.TC_005_AddingProductTest@384ad17b]" started-at="2023-11-09T10:37:01 CET" name="test_addingProductToCart" finished-at="2023-11-09T10:37:02 CET" duration-ms="1332" status="PASS">
          <reporter-output>
          </reporter-output>
        </test-method> <!-- test_addingProductToCart -->
        <test-method is-config="true" signature="tearDown()[pri:0, instance:testCases.TC_005_AddingProductTest@384ad17b]" started-at="2023-11-09T10:37:02 CET" name="tearDown" finished-at="2023-11-09T10:37:02 CET" duration-ms="189" status="PASS">
          <reporter-output>
          </reporter-output>
        </test-method> <!-- tearDown -->
      </class> <!-- testCases.TC_005_AddingProductTest -->
    </test> <!-- OpencartTest -->
  </suite> <!-- OpencartSuite -->
</testng-results>
